=================================
6/27/2018 0:17:40

SEED:	900 
Layer1:	['16', 'relu', 10000] 
Layer2:	['16', 'relu'] 
Layer3:	['1', 'sigmoid'] 
Generalizers:	
Compilation:	['rmsprop', 'binary_crossentropy', 'accuracy']
Training: EPOCHS 40 | BATCH SIZE 4000
	RESULTS:	LOSS:0.4939669615427653 | ACCURACY:0.7740000003178914

=================================
6/27/2018 0:20:35

SEED:	800 
Layer1:	['16', 'relu', 10000] 
Layer2:	['16', 'relu'] 
Layer3:	['1', 'sigmoid'] 
Generalizers:	
Compilation:	['rmsprop', 'binary_crossentropy', 'accuracy'] 
Training: EPOCHS 40 | BATCH SIZE 4000
	RESULTS:	LOSS:0.5247865921656291 | ACCURACY:0.7573333330154419

=================================
6/27/2018 0:22:44

SEED:	673 
Layer1:	['16', 'relu', 10000] 
Layer2:	['16', 'relu'] 
Layer3:	['1', 'sigmoid'] 
Generalizers:	
Compilation:	['rmsprop', 'binary_crossentropy', 'accuracy'] 
Training: EPOCHS 40 | BATCH SIZE 4000
	RESULTS:	LOSS:0.5817099941571554 | ACCURACY:0.7660000003178914

=================================
6/27/2018 0:23:51

SEED:	400 
Layer1:	['16', 'relu', 10000] 
Layer2:	['16', 'relu'] 
Layer3:	['1', 'sigmoid'] 
Generalizers:	
Compilation:	['rmsprop', 'binary_crossentropy', 'accuracy'] 
Training: EPOCHS 60 | BATCH SIZE 4000
	RESULTS:	LOSS:0.49984818013509114 | ACCURACY:0.7493333331743877

=================================
6/27/2018 0:31:37

SEED:	500 
Layer1:	['16', 'relu', 10000] 
Layer2:	['16', 'relu'] 
Layer3:	['1', 'sigmoid'] 
Generalizers:	
Compilation:	['rmsprop', 'binary_crossentropy', 'accuracy'] 
Training: EPOCHS 60 | BATCH SIZE 4000
	RESULTS:	LOSS:0.4715809990564982 | ACCURACY:0.7706666666666667

=================================
6/27/2018 0:33:42

SEED:	500 
Layer1:	['16', 'relu', 10000] 
Layer2:	['16', 'relu'] 
Layer3:	['1', 'sigmoid'] 
Generalizers:	
Compilation:	['rmsprop', 'binary_crossentropy', 'accuracy'] 
Training: EPOCHS 40 | BATCH SIZE 4000
	RESULTS:	LOSS:0.5497414876619975 | ACCURACY:0.7746666661898295

=================================
6/27/2018 0:35:30

SEED:	500 
Layer1:	['16', 'relu', 10000] 
Layer2:	['16', 'relu'] 
Layer3:	['1', 'sigmoid'] 
Generalizers:	
Compilation:	['rmsprop', 'binary_crossentropy', 'accuracy'] 
Training: EPOCHS 60 | BATCH SIZE 4000
	RESULTS:	LOSS:0.482585237344106 | ACCURACY:0.764666666507721

=================================
6/27/2018 0:38:48

SEED:	400 
Layer1:	['16', 'relu', 10000] 
Layer2:	['16', 'relu'] 
Layer3:	['1', 'sigmoid'] 
Generalizers:	
Compilation:	['rmsprop', 'binary_crossentropy', 'accuracy'] 
Training: EPOCHS 50 | BATCH SIZE 4000
	RESULTS:	LOSS:0.4657580803235372 | ACCURACY:0.7953333328564962

=================================
6/27/2018 0:48:30

SEED:	400 
Layer1:	['16', 'relu', 10000] 
Layer2:	['16', 'relu'] 
Layer3:	['1', 'sigmoid'] 
Generalizers:	
Compilation:	['rmsprop', 'binary_crossentropy', 'accuracy'] 
Training: EPOCHS 50 | BATCH SIZE 4000
	RESULTS:	LOSS:0.5221682963371277 | ACCURACY:0.7966666669845581

=================================
6/27/2018 1:0:55

SEED:	400 
Layer1:	['16', 'relu', 10000] 
Layer2:	['16', 'relu'] 
Layer3:	['1', 'sigmoid'] 
Generalizers:	
Compilation:	['rmsprop', 'binary_crossentropy', 'accuracy'] 
Training: EPOCHS 50 | BATCH SIZE 4000
	RESULTS:	LOSS:0.46440774138768515 | ACCURACY:0.7926666661898295

=================================
6/27/2018 1:3:45

SEED:	600 
Layer1:	['16', 'relu', 10000] 
Layer2:	['16', 'relu'] 
Layer3:	['1', 'sigmoid'] 
Generalizers:	
Compilation:	['rmsprop', 'binary_crossentropy', 'accuracy'] 
Training: EPOCHS 50 | BATCH SIZE 4000
	RESULTS:	LOSS:0.5870801531473796 | ACCURACY:0.7719999996821085

Comment:
Feed Forward Network
I was playing around with big batch sizes and many epochs
Highest accuracy achieved was 79.6% at 6/27/2018 0:48:30
Accuracy Range : [77 - 79%]

